0 info it worked if it ends with ok
1 verbose cli [ '/usr/local/bin/node',
1 verbose cli   '/usr/local/bin/npm',
1 verbose cli   'run',
1 verbose cli   'server',
1 verbose cli   'cloud',
1 verbose cli   '3000',
1 verbose cli   '6996' ]
2 info using npm@3.10.8
3 info using node@v6.9.1
4 verbose run-script [ 'preserver', 'server', 'postserver' ]
5 info lifecycle van@1.0.0~preserver: van@1.0.0
6 silly lifecycle van@1.0.0~preserver: no script for preserver, continuing
7 info lifecycle van@1.0.0~server: van@1.0.0
8 verbose lifecycle van@1.0.0~server: unsafe-perm in lifecycle true
9 verbose lifecycle van@1.0.0~server: PATH: /usr/local/lib/node_modules/npm/bin/node-gyp-bin:/Users/hoanglong/Documents/public/van/node_modules/.bin:/usr/local/bin:/usr/bin:/bin:/usr/sbin:/sbin
10 verbose lifecycle van@1.0.0~server: CWD: /Users/hoanglong/Documents/public/van
11 silly lifecycle van@1.0.0~server: Args: [ '-c',
11 silly lifecycle   'NODE_ENV=server node dist/index.js "cloud" "3000" "6996"' ]
12 silly lifecycle van@1.0.0~server: Returned: code: 1  signal: null
13 info lifecycle van@1.0.0~server: Failed to exec server script
14 verbose stack Error: van@1.0.0 server: `NODE_ENV=server node dist/index.js "cloud" "3000" "6996"`
14 verbose stack Exit status 1
14 verbose stack     at EventEmitter.<anonymous> (/usr/local/lib/node_modules/npm/lib/utils/lifecycle.js:255:16)
14 verbose stack     at emitTwo (events.js:106:13)
14 verbose stack     at EventEmitter.emit (events.js:191:7)
14 verbose stack     at ChildProcess.<anonymous> (/usr/local/lib/node_modules/npm/lib/utils/spawn.js:40:14)
14 verbose stack     at emitTwo (events.js:106:13)
14 verbose stack     at ChildProcess.emit (events.js:191:7)
14 verbose stack     at maybeClose (internal/child_process.js:877:16)
14 verbose stack     at Process.ChildProcess._handle.onexit (internal/child_process.js:226:5)
15 verbose pkgid van@1.0.0
16 verbose cwd /Users/hoanglong/Documents/public/van
17 error Darwin 16.7.0
18 error argv "/usr/local/bin/node" "/usr/local/bin/npm" "run" "server" "cloud" "3000" "6996"
19 error node v6.9.1
20 error npm  v3.10.8
21 error code ELIFECYCLE
22 error van@1.0.0 server: `NODE_ENV=server node dist/index.js "cloud" "3000" "6996"`
22 error Exit status 1
23 error Failed at the van@1.0.0 server script 'NODE_ENV=server node dist/index.js "cloud" "3000" "6996"'.
23 error Make sure you have the latest version of node.js and npm installed.
23 error If you do, this is most likely a problem with the van package,
23 error not with npm itself.
23 error Tell the author that this fails on your system:
23 error     NODE_ENV=server node dist/index.js "cloud" "3000" "6996"
23 error You can get information on how to open an issue for this project with:
23 error     npm bugs van
23 error Or if that isn't available, you can get their info via:
23 error     npm owner ls van
23 error There is likely additional logging output above.
24 verbose exit [ 1, true ]
